d:\visual studio 2015\projects\wyborurzadzen\wyborurzadzen\x64\debug\vc140.pdb
d:\visual studio 2015\projects\wyborurzadzen\wyborurzadzen\x64\debug\wyborurzadzen.obj
d:\visual studio 2015\projects\wyborurzadzen\wyborurzadzen\x64\debug\smartphone.obj
d:\visual studio 2015\projects\wyborurzadzen\wyborurzadzen\x64\debug\phonenumber.obj
d:\visual studio 2015\projects\wyborurzadzen\wyborurzadzen\x64\debug\phone.obj
d:\visual studio 2015\projects\wyborurzadzen\wyborurzadzen\x64\debug\oknoedytora.obj
d:\visual studio 2015\projects\wyborurzadzen\wyborurzadzen\x64\debug\mobiledevice.obj
d:\visual studio 2015\projects\wyborurzadzen\wyborurzadzen\x64\debug\main.obj
d:\visual studio 2015\projects\wyborurzadzen\wyborurzadzen\x64\debug\laptop.obj
d:\visual studio 2015\projects\wyborurzadzen\wyborurzadzen\x64\debug\graphiccard.obj
d:\visual studio 2015\projects\wyborurzadzen\wyborurzadzen\x64\debug\moc_wyborurzadzen.obj
d:\visual studio 2015\projects\wyborurzadzen\wyborurzadzen\x64\debug\moc_oknoedytora.obj
d:\visual studio 2015\projects\wyborurzadzen\wyborurzadzen\x64\debug\battery.obj
d:\visual studio 2015\projects\wyborurzadzen\wyborurzadzen\x64\debug\app.obj
d:\visual studio 2015\projects\wyborurzadzen\wyborurzadzen\x64\debug\qrc_wyborurzadzen.obj
d:\visual studio 2015\projects\wyborurzadzen\wyborurzadzen\generatedfiles\debug\moc_oknoedytora.cpp
d:\visual studio 2015\projects\wyborurzadzen\wyborurzadzen\generatedfiles\qrc_wyborurzadzen.cpp
d:\visual studio 2015\projects\wyborurzadzen\wyborurzadzen\generatedfiles\ui_oknoedytora.h
d:\visual studio 2015\projects\wyborurzadzen\wyborurzadzen\generatedfiles\debug\moc_wyborurzadzen.cpp
d:\visual studio 2015\projects\wyborurzadzen\wyborurzadzen\generatedfiles\ui_wyborurzadzen.h
d:\visual studio 2015\projects\wyborurzadzen\x64\debug\wyborurzadzen.ilk
d:\visual studio 2015\projects\wyborurzadzen\x64\debug\wyborurzadzen.exe
d:\visual studio 2015\projects\wyborurzadzen\x64\debug\wyborurzadzen.pdb
d:\visual studio 2015\projects\wyborurzadzen\wyborurzadzen\x64\debug\wyborurzadzen.tlog\cl.command.1.tlog
d:\visual studio 2015\projects\wyborurzadzen\wyborurzadzen\x64\debug\wyborurzadzen.tlog\cl.read.1.tlog
d:\visual studio 2015\projects\wyborurzadzen\wyborurzadzen\x64\debug\wyborurzadzen.tlog\cl.write.1.tlog
d:\visual studio 2015\projects\wyborurzadzen\wyborurzadzen\x64\debug\wyborurzadzen.tlog\custombuild.command.1.tlog
d:\visual studio 2015\projects\wyborurzadzen\wyborurzadzen\x64\debug\wyborurzadzen.tlog\custombuild.read.1.tlog
d:\visual studio 2015\projects\wyborurzadzen\wyborurzadzen\x64\debug\wyborurzadzen.tlog\custombuild.write.1.tlog
d:\visual studio 2015\projects\wyborurzadzen\wyborurzadzen\x64\debug\wyborurzadzen.tlog\link.command.1.tlog
d:\visual studio 2015\projects\wyborurzadzen\wyborurzadzen\x64\debug\wyborurzadzen.tlog\link.read.1.tlog
d:\visual studio 2015\projects\wyborurzadzen\wyborurzadzen\x64\debug\wyborurzadzen.tlog\link.write.1.tlog
